[1016/225103.809:ERROR:directory_reader_win.cc(43)] FindFirstFile: Системе не удается найти указанный путь. (0x3)
[1017/005124.399:ERROR:process_reader_win.cc(151)] SuspendThread: Отказано в доступе. (0x5)
[1017/005124.399:ERROR:process_reader_win.cc(151)] SuspendThread: Отказано в доступе. (0x5)
[1017/005124.399:ERROR:process_reader_win.cc(151)] SuspendThread: Отказано в доступе. (0x5)
[1017/005124.400:ERROR:process_reader_win.cc(151)] SuspendThread: Отказано в доступе. (0x5)
[1017/005124.400:ERROR:process_reader_win.cc(151)] SuspendThread: Отказано в доступе. (0x5)
[1017/005124.400:ERROR:process_reader_win.cc(151)] SuspendThread: Отказано в доступе. (0x5)
[1017/005124.400:ERROR:process_reader_win.cc(151)] SuspendThread: Отказано в доступе. (0x5)
[1017/005124.400:ERROR:process_reader_win.cc(151)] SuspendThread: Отказано в доступе. (0x5)
[1017/005124.400:ERROR:process_reader_win.cc(151)] SuspendThread: Отказано в доступе. (0x5)
[1017/005124.400:ERROR:process_reader_win.cc(151)] SuspendThread: Отказано в доступе. (0x5)
[1017/005124.400:ERROR:process_reader_win.cc(151)] SuspendThread: Отказано в доступе. (0x5)
[1017/005124.400:ERROR:process_reader_win.cc(151)] SuspendThread: Отказано в доступе. (0x5)
[1017/005124.400:ERROR:process_reader_win.cc(151)] SuspendThread: Отказано в доступе. (0x5)
[1017/005124.400:ERROR:process_reader_win.cc(151)] SuspendThread: Отказано в доступе. (0x5)
[1017/005124.400:ERROR:process_reader_win.cc(151)] SuspendThread: Отказано в доступе. (0x5)
[1017/005124.400:ERROR:process_reader_win.cc(151)] SuspendThread: Отказано в доступе. (0x5)
[1017/005124.400:ERROR:process_reader_win.cc(151)] SuspendThread: Отказано в доступе. (0x5)
[1017/005124.400:ERROR:process_reader_win.cc(151)] SuspendThread: Отказано в доступе. (0x5)
[1017/005124.400:ERROR:process_reader_win.cc(151)] SuspendThread: Отказано в доступе. (0x5)
[1017/005124.400:ERROR:process_reader_win.cc(151)] SuspendThread: Отказано в доступе. (0x5)
[1017/005124.400:ERROR:process_reader_win.cc(151)] SuspendThread: Отказано в доступе. (0x5)
[1017/005124.400:ERROR:process_reader_win.cc(151)] SuspendThread: Отказано в доступе. (0x5)
[1017/005124.400:ERROR:process_reader_win.cc(151)] SuspendThread: Отказано в доступе. (0x5)
[1017/005124.400:ERROR:process_reader_win.cc(151)] SuspendThread: Отказано в доступе. (0x5)
[1017/005124.400:ERROR:process_reader_win.cc(151)] SuspendThread: Отказано в доступе. (0x5)
[1017/005124.400:ERROR:process_reader_win.cc(151)] SuspendThread: Отказано в доступе. (0x5)
[1017/005124.400:ERROR:process_reader_win.cc(151)] SuspendThread: Отказано в доступе. (0x5)
[1017/005124.400:ERROR:process_reader_win.cc(151)] SuspendThread: Отказано в доступе. (0x5)
[1017/005124.400:ERROR:process_reader_win.cc(151)] SuspendThread: Отказано в доступе. (0x5)
[1017/005124.400:ERROR:process_reader_win.cc(151)] SuspendThread: Отказано в доступе. (0x5)
[1017/005124.400:ERROR:process_reader_win.cc(151)] SuspendThread: Отказано в доступе. (0x5)
[1017/005124.401:ERROR:process_reader_win.cc(151)] SuspendThread: Отказано в доступе. (0x5)
[1017/005124.401:ERROR:process_reader_win.cc(151)] SuspendThread: Отказано в доступе. (0x5)
[1017/005124.401:ERROR:process_reader_win.cc(151)] SuspendThread: Отказано в доступе. (0x5)
[1017/005124.401:ERROR:process_reader_win.cc(151)] SuspendThread: Отказано в доступе. (0x5)
[1017/005124.401:ERROR:process_reader_win.cc(151)] SuspendThread: Отказано в доступе. (0x5)
[1017/005124.401:ERROR:process_reader_win.cc(151)] SuspendThread: Отказано в доступе. (0x5)
[1017/005124.401:ERROR:process_reader_win.cc(151)] SuspendThread: Отказано в доступе. (0x5)
[1017/005124.401:ERROR:process_reader_win.cc(151)] SuspendThread: Отказано в доступе. (0x5)
[1017/005124.410:ERROR:process_reader_win.cc(151)] SuspendThread: Отказано в доступе. (0x5)
[1017/005124.410:ERROR:process_reader_win.cc(151)] SuspendThread: Отказано в доступе. (0x5)
[1017/005124.410:ERROR:process_reader_win.cc(151)] SuspendThread: Отказано в доступе. (0x5)
[1017/005124.410:ERROR:process_reader_win.cc(151)] SuspendThread: Отказано в доступе. (0x5)
[1017/005124.410:ERROR:process_reader_win.cc(151)] SuspendThread: Отказано в доступе. (0x5)
[1017/005124.410:ERROR:process_reader_win.cc(151)] SuspendThread: Отказано в доступе. (0x5)
[1017/005124.411:ERROR:process_reader_win.cc(151)] SuspendThread: Отказано в доступе. (0x5)
[1017/005124.411:ERROR:process_reader_win.cc(151)] SuspendThread: Отказано в доступе. (0x5)
[1017/005124.411:ERROR:process_reader_win.cc(151)] SuspendThread: Отказано в доступе. (0x5)
[1017/005124.411:ERROR:process_reader_win.cc(151)] SuspendThread: Отказано в доступе. (0x5)
[1017/005124.411:ERROR:process_reader_win.cc(151)] SuspendThread: Отказано в доступе. (0x5)
[1017/005124.411:ERROR:process_reader_win.cc(151)] SuspendThread: Отказано в доступе. (0x5)
[1017/005124.441:ERROR:process_reader_win.cc(151)] SuspendThread: Отказано в доступе. (0x5)
[1017/005124.441:ERROR:process_reader_win.cc(151)] SuspendThread: Отказано в доступе. (0x5)
[1017/005124.441:ERROR:process_reader_win.cc(151)] SuspendThread: Отказано в доступе. (0x5)
[1017/005124.441:ERROR:process_reader_win.cc(151)] SuspendThread: Отказано в доступе. (0x5)
[1017/005124.401:ERROR:process_reader_win.cc(123)] NtOpenThread: {Отказано в доступе} Процесс запросил доступ к объекту, но права на доступ не предоставлены. (0xc0000022)
[1017/005124.441:ERROR:exception_snapshot_win.cc(99)] thread ID 11992 not found in process
[1017/005124.441:ERROR:process_reader_win.cc(151)] SuspendThread: Отказано в доступе. (0x5)
[1017/005124.442:ERROR:process_reader_win.cc(151)] SuspendThread: Отказано в доступе. (0x5)
[1017/005124.442:ERROR:process_reader_win.cc(151)] SuspendThread: Отказано в доступе. (0x5)
[1017/005124.442:ERROR:process_reader_win.cc(151)] SuspendThread: Отказано в доступе. (0x5)
[1017/005124.442:ERROR:process_reader_win.cc(151)] SuspendThread: Отказано в доступе. (0x5)
[1017/005124.411:ERROR:process_reader_win.cc(123)] NtOpenThread: {Отказано в доступе} Процесс запросил доступ к объекту, но права на доступ не предоставлены. (0xc0000022)
[1017/005124.442:ERROR:exception_snapshot_win.cc(99)] thread ID 15488 not found in process
[1017/005124.442:ERROR:process_reader_win.cc(151)] SuspendThread: Отказано в доступе. (0x5)
[1017/005124.442:ERROR:process_reader_win.cc(151)] SuspendThread: Отказано в доступе. (0x5)
[1017/005124.442:ERROR:process_reader_win.cc(151)] SuspendThread: Отказано в доступе. (0x5)
[1017/005124.442:ERROR:process_reader_win.cc(151)] SuspendThread: Отказано в доступе. (0x5)
[1017/005124.401:ERROR:process_reader_win.cc(123)] NtOpenThread: {Отказано в доступе} Процесс запросил доступ к объекту, но права на доступ не предоставлены. (0xc0000022)
[1017/005124.442:ERROR:exception_snapshot_win.cc(99)] thread ID 20260 not found in process
[1017/005124.442:ERROR:process_reader_win.cc(151)] SuspendThread: Отказано в доступе. (0x5)
[1017/005124.442:ERROR:process_reader_win.cc(123)] NtOpenThread: {Отказано в доступе} Процесс запросил доступ к объекту, но права на доступ не предоставлены. (0xc0000022)
[1017/005124.442:ERROR:exception_snapshot_win.cc(99)] thread ID 9076 not found in process
[1017/005124.401:ERROR:process_reader_win.cc(123)] NtOpenThread: {Отказано в доступе} Процесс запросил доступ к объекту, но права на доступ не предоставлены. (0xc0000022)
[1017/005124.475:ERROR:exception_snapshot_win.cc(99)] thread ID 9732 not found in process
[1017/120815.767:ERROR:directory_reader_win.cc(43)] FindFirstFile: Системе не удается найти указанный путь. (0x3)
[1017/182446.472:ERROR:file_io.cc(90)] ReadExactly: expected 36, observed 0
[1017/203308.939:ERROR:file_io.cc(90)] ReadExactly: expected 36, observed 0
